0000              1   ;--------------------------------------------------------
0000              2   ; File Created by C51
0000              3   ; Version 1.0.0 #1170 (Feb 16 2022) (MSVC)
0000              4   ; This file was generated Mon Apr 01 00:00:17 2024
0000              5   ;--------------------------------------------------------
                  5   $name MPU
                  6   $optc51 --model-small
0000              8            R_DSEG    segment data
0000              9            R_CSEG    segment code
0000             10            R_BSEG    segment bit
0000             11            R_XSEG    segment xdata
0000             12            R_PSEG    segment xdata
0000             13            R_ISEG    segment idata
0000             14            R_OSEG    segment data overlay
0000             15            BIT_BANK  segment data overlay
0000             16            R_HOME    segment code
0000             17            R_GSINIT  segment code
0000             18            R_IXSEG   segment xdata
0000             19            R_CONST   segment code
0000             20            R_XINIT   segment code
0000             21            R_DINIT   segment code
0000             22   
0000             23   ;--------------------------------------------------------
0000             24   ; Public variables in this module
0000             25   ;--------------------------------------------------------
0000             26            public _I2C_Write_PARM_2
0000             27            public _main
0000             28            public _I2C_Read
0000             29            public _I2C_Write
0000             30            public _I2C_Init
0000             31            public _TIMER0_Init
0000             32            public _waitms
0000             33            public _Timer3us
0000             34            public __c51_external_startup
0000             35            public _overflow_count
0000             36   ;--------------------------------------------------------
0000             37   ; Special Function Registers
0000             38   ;--------------------------------------------------------
0000             39   _ACC            DATA 0xe0
0000             40   _ADC0ASAH       DATA 0xb6
0000             41   _ADC0ASAL       DATA 0xb5
0000             42   _ADC0ASCF       DATA 0xa1
0000             43   _ADC0ASCT       DATA 0xc7
0000             44   _ADC0CF0        DATA 0xbc
0000             45   _ADC0CF1        DATA 0xb9
0000             46   _ADC0CF2        DATA 0xdf
0000             47   _ADC0CN0        DATA 0xe8
0000             48   _ADC0CN1        DATA 0xb2
0000             49   _ADC0CN2        DATA 0xb3
0000             50   _ADC0GTH        DATA 0xc4
0000             51   _ADC0GTL        DATA 0xc3
0000             52   _ADC0H          DATA 0xbe
0000             53   _ADC0L          DATA 0xbd
0000             54   _ADC0LTH        DATA 0xc6
0000             55   _ADC0LTL        DATA 0xc5
0000             56   _ADC0MX         DATA 0xbb
0000             57   _B              DATA 0xf0
0000             58   _CKCON0         DATA 0x8e
0000             59   _CKCON1         DATA 0xa6
0000             60   _CLEN0          DATA 0xc6
0000             61   _CLIE0          DATA 0xc7
0000             62   _CLIF0          DATA 0xe8
0000             63   _CLKSEL         DATA 0xa9
0000             64   _CLOUT0         DATA 0xd1
0000             65   _CLU0CF         DATA 0xb1
0000             66   _CLU0FN         DATA 0xaf
0000             67   _CLU0MX         DATA 0x84
0000             68   _CLU1CF         DATA 0xb3
0000             69   _CLU1FN         DATA 0xb2
0000             70   _CLU1MX         DATA 0x85
0000             71   _CLU2CF         DATA 0xb6
0000             72   _CLU2FN         DATA 0xb5
0000             73   _CLU2MX         DATA 0x91
0000             74   _CLU3CF         DATA 0xbf
0000             75   _CLU3FN         DATA 0xbe
0000             76   _CLU3MX         DATA 0xae
0000             77   _CMP0CN0        DATA 0x9b
0000             78   _CMP0CN1        DATA 0x99
0000             79   _CMP0MD         DATA 0x9d
0000             80   _CMP0MX         DATA 0x9f
0000             81   _CMP1CN0        DATA 0xbf
0000             82   _CMP1CN1        DATA 0xac
0000             83   _CMP1MD         DATA 0xab
0000             84   _CMP1MX         DATA 0xaa
0000             85   _CRC0CN0        DATA 0xce
0000             86   _CRC0CN1        DATA 0x86
0000             87   _CRC0CNT        DATA 0xd3
0000             88   _CRC0DAT        DATA 0xcb
0000             89   _CRC0FLIP       DATA 0xcf
0000             90   _CRC0IN         DATA 0xca
0000             91   _CRC0ST         DATA 0xd2
0000             92   _DAC0CF0        DATA 0x91
0000             93   _DAC0CF1        DATA 0x92
0000             94   _DAC0H          DATA 0x85
0000             95   _DAC0L          DATA 0x84
0000             96   _DAC1CF0        DATA 0x93
0000             97   _DAC1CF1        DATA 0x94
0000             98   _DAC1H          DATA 0x8a
0000             99   _DAC1L          DATA 0x89
0000            100   _DAC2CF0        DATA 0x95
0000            101   _DAC2CF1        DATA 0x96
0000            102   _DAC2H          DATA 0x8c
0000            103   _DAC2L          DATA 0x8b
0000            104   _DAC3CF0        DATA 0x9a
0000            105   _DAC3CF1        DATA 0x9c
0000            106   _DAC3H          DATA 0x8e
0000            107   _DAC3L          DATA 0x8d
0000            108   _DACGCF0        DATA 0x88
0000            109   _DACGCF1        DATA 0x98
0000            110   _DACGCF2        DATA 0xa2
0000            111   _DERIVID        DATA 0xad
0000            112   _DEVICEID       DATA 0xb5
0000            113   _DPH            DATA 0x83
0000            114   _DPL            DATA 0x82
0000            115   _EIE1           DATA 0xe6
0000            116   _EIE2           DATA 0xf3
0000            117   _EIP1           DATA 0xbb
0000            118   _EIP1H          DATA 0xee
0000            119   _EIP2           DATA 0xed
0000            120   _EIP2H          DATA 0xf6
0000            121   _EMI0CN         DATA 0xe7
0000            122   _FLKEY          DATA 0xb7
0000            123   _HFO0CAL        DATA 0xc7
0000            124   _HFO1CAL        DATA 0xd6
0000            125   _HFOCN          DATA 0xef
0000            126   _I2C0ADM        DATA 0xff
0000            127   _I2C0CN0        DATA 0xba
0000            128   _I2C0DIN        DATA 0xbc
0000            129   _I2C0DOUT       DATA 0xbb
0000            130   _I2C0FCN0       DATA 0xad
0000            131   _I2C0FCN1       DATA 0xab
0000            132   _I2C0FCT        DATA 0xf5
0000            133   _I2C0SLAD       DATA 0xbd
0000            134   _I2C0STAT       DATA 0xb9
0000            135   _IE             DATA 0xa8
0000            136   _IP             DATA 0xb8
0000            137   _IPH            DATA 0xf2
0000            138   _IT01CF         DATA 0xe4
0000            139   _LFO0CN         DATA 0xb1
0000            140   _P0             DATA 0x80
0000            141   _P0MASK         DATA 0xfe
0000            142   _P0MAT          DATA 0xfd
0000            143   _P0MDIN         DATA 0xf1
0000            144   _P0MDOUT        DATA 0xa4
0000            145   _P0SKIP         DATA 0xd4
0000            146   _P1             DATA 0x90
0000            147   _P1MASK         DATA 0xee
0000            148   _P1MAT          DATA 0xed
0000            149   _P1MDIN         DATA 0xf2
0000            150   _P1MDOUT        DATA 0xa5
0000            151   _P1SKIP         DATA 0xd5
0000            152   _P2             DATA 0xa0
0000            153   _P2MASK         DATA 0xfc
0000            154   _P2MAT          DATA 0xfb
0000            155   _P2MDIN         DATA 0xf3
0000            156   _P2MDOUT        DATA 0xa6
0000            157   _P2SKIP         DATA 0xcc
0000            158   _P3             DATA 0xb0
0000            159   _P3MDIN         DATA 0xf4
0000            160   _P3MDOUT        DATA 0x9c
0000            161   _PCA0CENT       DATA 0x9e
0000            162   _PCA0CLR        DATA 0x9c
0000            163   _PCA0CN0        DATA 0xd8
0000            164   _PCA0CPH0       DATA 0xfc
0000            165   _PCA0CPH1       DATA 0xea
0000            166   _PCA0CPH2       DATA 0xec
0000            167   _PCA0CPH3       DATA 0xf5
0000            168   _PCA0CPH4       DATA 0x85
0000            169   _PCA0CPH5       DATA 0xde
0000            170   _PCA0CPL0       DATA 0xfb
0000            171   _PCA0CPL1       DATA 0xe9
0000            172   _PCA0CPL2       DATA 0xeb
0000            173   _PCA0CPL3       DATA 0xf4
0000            174   _PCA0CPL4       DATA 0x84
0000            175   _PCA0CPL5       DATA 0xdd
0000            176   _PCA0CPM0       DATA 0xda
0000            177   _PCA0CPM1       DATA 0xdb
0000            178   _PCA0CPM2       DATA 0xdc
0000            179   _PCA0CPM3       DATA 0xae
0000            180   _PCA0CPM4       DATA 0xaf
0000            181   _PCA0CPM5       DATA 0xcc
0000            182   _PCA0H          DATA 0xfa
0000            183   _PCA0L          DATA 0xf9
0000            184   _PCA0MD         DATA 0xd9
0000            185   _PCA0POL        DATA 0x96
0000            186   _PCA0PWM        DATA 0xf7
0000            187   _PCON0          DATA 0x87
0000            188   _PCON1          DATA 0xcd
0000            189   _PFE0CN         DATA 0xc1
0000            190   _PRTDRV         DATA 0xf6
0000            191   _PSCTL          DATA 0x8f
0000            192   _PSTAT0         DATA 0xaa
0000            193   _PSW            DATA 0xd0
0000            194   _REF0CN         DATA 0xd1
0000            195   _REG0CN         DATA 0xc9
0000            196   _REVID          DATA 0xb6
0000            197   _RSTSRC         DATA 0xef
0000            198   _SBCON1         DATA 0x94
0000            199   _SBRLH1         DATA 0x96
0000            200   _SBRLL1         DATA 0x95
0000            201   _SBUF           DATA 0x99
0000            202   _SBUF0          DATA 0x99
0000            203   _SBUF1          DATA 0x92
0000            204   _SCON           DATA 0x98
0000            205   _SCON0          DATA 0x98
0000            206   _SCON1          DATA 0xc8
0000            207   _SFRPAGE        DATA 0xa7
0000            208   _SFRPGCN        DATA 0xbc
0000            209   _SFRSTACK       DATA 0xd7
0000            210   _SMB0ADM        DATA 0xd6
0000            211   _SMB0ADR        DATA 0xd7
0000            212   _SMB0CF         DATA 0xc1
0000            213   _SMB0CN0        DATA 0xc0
0000            214   _SMB0DAT        DATA 0xc2
0000            215   _SMB0FCN0       DATA 0xc3
0000            216   _SMB0FCN1       DATA 0xc4
0000            217   _SMB0FCT        DATA 0xef
0000            218   _SMB0RXLN       DATA 0xc5
0000            219   _SMB0TC         DATA 0xac
0000            220   _SMOD1          DATA 0x93
0000            221   _SP             DATA 0x81
0000            222   _SPI0CFG        DATA 0xa1
0000            223   _SPI0CKR        DATA 0xa2
0000            224   _SPI0CN0        DATA 0xf8
0000            225   _SPI0DAT        DATA 0xa3
0000            226   _SPI0FCN0       DATA 0x9a
0000            227   _SPI0FCN1       DATA 0x9b
0000            228   _SPI0FCT        DATA 0xf7
0000            229   _SPI0PCF        DATA 0xdf
0000            230   _TCON           DATA 0x88
0000            231   _TH0            DATA 0x8c
0000            232   _TH1            DATA 0x8d
0000            233   _TL0            DATA 0x8a
0000            234   _TL1            DATA 0x8b
0000            235   _TMOD           DATA 0x89
0000            236   _TMR2CN0        DATA 0xc8
0000            237   _TMR2CN1        DATA 0xfd
0000            238   _TMR2H          DATA 0xcf
0000            239   _TMR2L          DATA 0xce
0000            240   _TMR2RLH        DATA 0xcb
0000            241   _TMR2RLL        DATA 0xca
0000            242   _TMR3CN0        DATA 0x91
0000            243   _TMR3CN1        DATA 0xfe
0000            244   _TMR3H          DATA 0x95
0000            245   _TMR3L          DATA 0x94
0000            246   _TMR3RLH        DATA 0x93
0000            247   _TMR3RLL        DATA 0x92
0000            248   _TMR4CN0        DATA 0x98
0000            249   _TMR4CN1        DATA 0xff
0000            250   _TMR4H          DATA 0xa5
0000            251   _TMR4L          DATA 0xa4
0000            252   _TMR4RLH        DATA 0xa3
0000            253   _TMR4RLL        DATA 0xa2
0000            254   _TMR5CN0        DATA 0xc0
0000            255   _TMR5CN1        DATA 0xf1
0000            256   _TMR5H          DATA 0xd5
0000            257   _TMR5L          DATA 0xd4
0000            258   _TMR5RLH        DATA 0xd3
0000            259   _TMR5RLL        DATA 0xd2
0000            260   _UART0PCF       DATA 0xd9
0000            261   _UART1FCN0      DATA 0x9d
0000            262   _UART1FCN1      DATA 0xd8
0000            263   _UART1FCT       DATA 0xfa
0000            264   _UART1LIN       DATA 0x9e
0000            265   _UART1PCF       DATA 0xda
0000            266   _VDM0CN         DATA 0xff
0000            267   _WDTCN          DATA 0x97
0000            268   _XBR0           DATA 0xe1
0000            269   _XBR1           DATA 0xe2
0000            270   _XBR2           DATA 0xe3
0000            271   _XOSC0CN        DATA 0x86
0000            272   _DPTR           DATA 0x8382
0000            273   _TMR2RL         DATA 0xcbca
0000            274   _TMR3RL         DATA 0x9392
0000            275   _TMR4RL         DATA 0xa3a2
0000            276   _TMR5RL         DATA 0xd3d2
0000            277   _TMR0           DATA 0x8c8a
0000            278   _TMR1           DATA 0x8d8b
0000            279   _TMR2           DATA 0xcfce
0000            280   _TMR3           DATA 0x9594
0000            281   _TMR4           DATA 0xa5a4
0000            282   _TMR5           DATA 0xd5d4
0000            283   _SBRL1          DATA 0x9695
0000            284   _PCA0           DATA 0xfaf9
0000            285   _PCA0CP0        DATA 0xfcfb
0000            286   _PCA0CP1        DATA 0xeae9
0000            287   _PCA0CP2        DATA 0xeceb
0000            288   _PCA0CP3        DATA 0xf5f4
0000            289   _PCA0CP4        DATA 0x8584
0000            290   _PCA0CP5        DATA 0xdedd
0000            291   _ADC0ASA        DATA 0xb6b5
0000            292   _ADC0GT         DATA 0xc4c3
0000            293   _ADC0           DATA 0xbebd
0000            294   _ADC0LT         DATA 0xc6c5
0000            295   _DAC0           DATA 0x8584
0000            296   _DAC1           DATA 0x8a89
0000            297   _DAC2           DATA 0x8c8b
0000            298   _DAC3           DATA 0x8e8d
0000            299   ;--------------------------------------------------------
0000            300   ; special function bits
0000            301   ;--------------------------------------------------------
0000            302   _ACC_0          BIT 0xe0
0000            303   _ACC_1          BIT 0xe1
0000            304   _ACC_2          BIT 0xe2
0000            305   _ACC_3          BIT 0xe3
0000            306   _ACC_4          BIT 0xe4
0000            307   _ACC_5          BIT 0xe5
0000            308   _ACC_6          BIT 0xe6
0000            309   _ACC_7          BIT 0xe7
0000            310   _TEMPE          BIT 0xe8
0000            311   _ADGN0          BIT 0xe9
0000            312   _ADGN1          BIT 0xea
0000            313   _ADWINT         BIT 0xeb
0000            314   _ADBUSY         BIT 0xec
0000            315   _ADINT          BIT 0xed
0000            316   _IPOEN          BIT 0xee
0000            317   _ADEN           BIT 0xef
0000            318   _B_0            BIT 0xf0
0000            319   _B_1            BIT 0xf1
0000            320   _B_2            BIT 0xf2
0000            321   _B_3            BIT 0xf3
0000            322   _B_4            BIT 0xf4
0000            323   _B_5            BIT 0xf5
0000            324   _B_6            BIT 0xf6
0000            325   _B_7            BIT 0xf7
0000            326   _C0FIF          BIT 0xe8
0000            327   _C0RIF          BIT 0xe9
0000            328   _C1FIF          BIT 0xea
0000            329   _C1RIF          BIT 0xeb
0000            330   _C2FIF          BIT 0xec
0000            331   _C2RIF          BIT 0xed
0000            332   _C3FIF          BIT 0xee
0000            333   _C3RIF          BIT 0xef
0000            334   _D1SRC0         BIT 0x88
0000            335   _D1SRC1         BIT 0x89
0000            336   _D1AMEN         BIT 0x8a
0000            337   _D01REFSL       BIT 0x8b
0000            338   _D3SRC0         BIT 0x8c
0000            339   _D3SRC1         BIT 0x8d
0000            340   _D3AMEN         BIT 0x8e
0000            341   _D23REFSL       BIT 0x8f
0000            342   _D0UDIS         BIT 0x98
0000            343   _D1UDIS         BIT 0x99
0000            344   _D2UDIS         BIT 0x9a
0000            345   _D3UDIS         BIT 0x9b
0000            346   _EX0            BIT 0xa8
0000            347   _ET0            BIT 0xa9
0000            348   _EX1            BIT 0xaa
0000            349   _ET1            BIT 0xab
0000            350   _ES0            BIT 0xac
0000            351   _ET2            BIT 0xad
0000            352   _ESPI0          BIT 0xae
0000            353   _EA             BIT 0xaf
0000            354   _PX0            BIT 0xb8
0000            355   _PT0            BIT 0xb9
0000            356   _PX1            BIT 0xba
0000            357   _PT1            BIT 0xbb
0000            358   _PS0            BIT 0xbc
0000            359   _PT2            BIT 0xbd
0000            360   _PSPI0          BIT 0xbe
0000            361   _P0_0           BIT 0x80
0000            362   _P0_1           BIT 0x81
0000            363   _P0_2           BIT 0x82
0000            364   _P0_3           BIT 0x83
0000            365   _P0_4           BIT 0x84
0000            366   _P0_5           BIT 0x85
0000            367   _P0_6           BIT 0x86
0000            368   _P0_7           BIT 0x87
0000            369   _P1_0           BIT 0x90
0000            370   _P1_1           BIT 0x91
0000            371   _P1_2           BIT 0x92
0000            372   _P1_3           BIT 0x93
0000            373   _P1_4           BIT 0x94
0000            374   _P1_5           BIT 0x95
0000            375   _P1_6           BIT 0x96
0000            376   _P1_7           BIT 0x97
0000            377   _P2_0           BIT 0xa0
0000            378   _P2_1           BIT 0xa1
0000            379   _P2_2           BIT 0xa2
0000            380   _P2_3           BIT 0xa3
0000            381   _P2_4           BIT 0xa4
0000            382   _P2_5           BIT 0xa5
0000            383   _P2_6           BIT 0xa6
0000            384   _P3_0           BIT 0xb0
0000            385   _P3_1           BIT 0xb1
0000            386   _P3_2           BIT 0xb2
0000            387   _P3_3           BIT 0xb3
0000            388   _P3_4           BIT 0xb4
0000            389   _P3_7           BIT 0xb7
0000            390   _CCF0           BIT 0xd8
0000            391   _CCF1           BIT 0xd9
0000            392   _CCF2           BIT 0xda
0000            393   _CCF3           BIT 0xdb
0000            394   _CCF4           BIT 0xdc
0000            395   _CCF5           BIT 0xdd
0000            396   _CR             BIT 0xde
0000            397   _CF             BIT 0xdf
0000            398   _PARITY         BIT 0xd0
0000            399   _F1             BIT 0xd1
0000            400   _OV             BIT 0xd2
0000            401   _RS0            BIT 0xd3
0000            402   _RS1            BIT 0xd4
0000            403   _F0             BIT 0xd5
0000            404   _AC             BIT 0xd6
0000            405   _CY             BIT 0xd7
0000            406   _RI             BIT 0x98
0000            407   _TI             BIT 0x99
0000            408   _RB8            BIT 0x9a
0000            409   _TB8            BIT 0x9b
0000            410   _REN            BIT 0x9c
0000            411   _CE             BIT 0x9d
0000            412   _SMODE          BIT 0x9e
0000            413   _RI1            BIT 0xc8
0000            414   _TI1            BIT 0xc9
0000            415   _RBX1           BIT 0xca
0000            416   _TBX1           BIT 0xcb
0000            417   _REN1           BIT 0xcc
0000            418   _PERR1          BIT 0xcd
0000            419   _OVR1           BIT 0xce
0000            420   _SI             BIT 0xc0
0000            421   _ACK            BIT 0xc1
0000            422   _ARBLOST        BIT 0xc2
0000            423   _ACKRQ          BIT 0xc3
0000            424   _STO            BIT 0xc4
0000            425   _STA            BIT 0xc5
0000            426   _TXMODE         BIT 0xc6
0000            427   _MASTER         BIT 0xc7
0000            428   _SPIEN          BIT 0xf8
0000            429   _TXNF           BIT 0xf9
0000            430   _NSSMD0         BIT 0xfa
0000            431   _NSSMD1         BIT 0xfb
0000            432   _RXOVRN         BIT 0xfc
0000            433   _MODF           BIT 0xfd
0000            434   _WCOL           BIT 0xfe
0000            435   _SPIF           BIT 0xff
0000            436   _IT0            BIT 0x88
0000            437   _IE0            BIT 0x89
0000            438   _IT1            BIT 0x8a
0000            439   _IE1            BIT 0x8b
0000            440   _TR0            BIT 0x8c
0000            441   _TF0            BIT 0x8d
0000            442   _TR1            BIT 0x8e
0000            443   _TF1            BIT 0x8f
0000            444   _T2XCLK0        BIT 0xc8
0000            445   _T2XCLK1        BIT 0xc9
0000            446   _TR2            BIT 0xca
0000            447   _T2SPLIT        BIT 0xcb
0000            448   _TF2CEN         BIT 0xcc
0000            449   _TF2LEN         BIT 0xcd
0000            450   _TF2L           BIT 0xce
0000            451   _TF2H           BIT 0xcf
0000            452   _T4XCLK0        BIT 0x98
0000            453   _T4XCLK1        BIT 0x99
0000            454   _TR4            BIT 0x9a
0000            455   _T4SPLIT        BIT 0x9b
0000            456   _TF4CEN         BIT 0x9c
0000            457   _TF4LEN         BIT 0x9d
0000            458   _TF4L           BIT 0x9e
0000            459   _TF4H           BIT 0x9f
0000            460   _T5XCLK0        BIT 0xc0
0000            461   _T5XCLK1        BIT 0xc1
0000            462   _TR5            BIT 0xc2
0000            463   _T5SPLIT        BIT 0xc3
0000            464   _TF5CEN         BIT 0xc4
0000            465   _TF5LEN         BIT 0xc5
0000            466   _TF5L           BIT 0xc6
0000            467   _TF5H           BIT 0xc7
0000            468   _RIE            BIT 0xd8
0000            469   _RXTO0          BIT 0xd9
0000            470   _RXTO1          BIT 0xda
0000            471   _RFRQ           BIT 0xdb
0000            472   _TIE            BIT 0xdc
0000            473   _TXHOLD         BIT 0xdd
0000            474   _TXNF1          BIT 0xde
0000            475   _TFRQ           BIT 0xdf
0000            476   ;--------------------------------------------------------
0000            477   ; overlayable register banks
0000            478   ;--------------------------------------------------------
0000            479            rbank0 segment data overlay
0000            480   ;--------------------------------------------------------
0000            481   ; internal ram data
0000            482   ;--------------------------------------------------------
0000            483            rseg R_DSEG
0000            484   _overflow_count:
0000            485            ds 1
0001            486   ;--------------------------------------------------------
0001            487   ; overlayable items in internal ram 
0001            488   ;--------------------------------------------------------
0000            489            rseg    R_OSEG
0000            490            rseg    R_OSEG
0000            491   _I2C_Write_PARM_2:
0000            492            ds 1
0001            493            rseg    R_OSEG
0001            494   ;--------------------------------------------------------
0001            495   ; indirectly addressable internal ram data
0001            496   ;--------------------------------------------------------
0000            497            rseg R_ISEG
0000            498   ;--------------------------------------------------------
0000            499   ; absolute internal ram data
0000            500   ;--------------------------------------------------------
0000            501            DSEG
0000            502   ;--------------------------------------------------------
0000            503   ; bit data
0000            504   ;--------------------------------------------------------
0000            505            rseg R_BSEG
0000            506   ;--------------------------------------------------------
0000            507   ; paged external ram data
0000            508   ;--------------------------------------------------------
0000            509            rseg R_PSEG
0000            510   ;--------------------------------------------------------
0000            511   ; external ram data
0000            512   ;--------------------------------------------------------
0000            513            rseg R_XSEG
0000            514   ;--------------------------------------------------------
0000            515   ; absolute external ram data
0000            516   ;--------------------------------------------------------
0000            517            XSEG
0000            518   ;--------------------------------------------------------
0000            519   ; external initialized ram data
0000            520   ;--------------------------------------------------------
0000            521            rseg R_IXSEG
0000            522            rseg R_HOME
0000            523            rseg R_GSINIT
0000            524            rseg R_CSEG
0000            525   ;--------------------------------------------------------
0000            526   ; Reset entry point and interrupt vectors
0000            527   ;--------------------------------------------------------
0000            528            CSEG at 0x0000
0000 020000     529            ljmp    _crt0
0003            530   ;--------------------------------------------------------
0003            531   ; global & static initialisations
0003            532   ;--------------------------------------------------------
0000            533            rseg R_HOME
0000            534            rseg R_GSINIT
0000            535            rseg R_GSINIT
0000            536   ;--------------------------------------------------------
0000            537   ; data variables initialization
0000            538   ;--------------------------------------------------------
0000            539            rseg R_DINIT
0000            540            ; The linker places a 'ret' at the end of segment R_DINIT.
0000            541   ;--------------------------------------------------------
0000            542   ; code
0000            543   ;--------------------------------------------------------
0000            544            rseg R_CSEG
0000            545   ;------------------------------------------------------------
0000            546   ;Allocation info for local variables in function '_c51_external_startup'
0000            547   ;------------------------------------------------------------
0000            548   ;------------------------------------------------------------
0000            549   ;        MPU.c:17: char _c51_external_startup (void)
0000            550   ;        -----------------------------------------
0000            551   ;         function _c51_external_startup
0000            552   ;        -----------------------------------------
0000            553   __c51_external_startup:
0000            554            using   0
0000            555   ;        MPU.c:20: SFRPAGE = 0x00;
0000 75A700     556            mov     _SFRPAGE,#0x00
0003            557   ;        MPU.c:21: WDTCN = 0xDE; //First key
0003 7597DE     558            mov     _WDTCN,#0xDE
0006            559   ;        MPU.c:22: WDTCN = 0xAD; //Second key
0006 7597AD     560            mov     _WDTCN,#0xAD
0009            561   ;        MPU.c:24: VDM0CN |= 0x80;
0009 43FF80     562            orl     _VDM0CN,#0x80
000C            563   ;        MPU.c:25: RSTSRC = 0x02;
000C 75EF02     564            mov     _RSTSRC,#0x02
000F            565   ;        MPU.c:32: SFRPAGE = 0x10;
000F 75A710     566            mov     _SFRPAGE,#0x10
0012            567   ;        MPU.c:33: PFE0CN  = 0x20; // SYSCLK < 75 MHz.
0012 75C120     568            mov     _PFE0CN,#0x20
0015            569   ;        MPU.c:34: SFRPAGE = 0x00;
0015 75A700     570            mov     _SFRPAGE,#0x00
0018            571   ;        MPU.c:55: CLKSEL = 0x00;
0018 75A900     572            mov     _CLKSEL,#0x00
001B            573   ;        MPU.c:56: CLKSEL = 0x00;
001B 75A900     574            mov     _CLKSEL,#0x00
001E            575   ;        MPU.c:57: while ((CLKSEL & 0x80) == 0);
001E            576   L002001?:
001E E5A9       577            mov     a,_CLKSEL
0020 30E748     578            jnb     acc.7,L002001?
0023            579   ;        MPU.c:58: CLKSEL = 0x03;
0023 75A903     580            mov     _CLKSEL,#0x03
0026            581   ;        MPU.c:59: CLKSEL = 0x03;
0026 75A903     582            mov     _CLKSEL,#0x03
0029            583   ;        MPU.c:60: while ((CLKSEL & 0x80) == 0);
0029            584   L002004?:
0029 E5A9       585            mov     a,_CLKSEL
002B 30E7C8     586            jnb     acc.7,L002004?
002E            587   ;        MPU.c:65: P0MDOUT |= 0x10; // Enable UART0 TX as push-pull output
002E 43A410     588            orl     _P0MDOUT,#0x10
0031            589   ;        MPU.c:66: XBR0     = 0x01; // Enable UART0 on P0.4(TX) and P0.5(RX)                     
0031 75E101     590            mov     _XBR0,#0x01
0034            591   ;        MPU.c:67: XBR1     = 0X00;
0034 75E200     592            mov     _XBR1,#0x00
0037            593   ;        MPU.c:68: XBR2     = 0x40; // Enable crossbar and weak pull-ups
0037 75E340     594            mov     _XBR2,#0x40
003A            595   ;        MPU.c:74: SCON0 = 0x10;
003A 759810     596            mov     _SCON0,#0x10
003D            597   ;        MPU.c:75: CKCON0 |= 0b_0000_0000 ; // Timer 1 uses the system clock divided by 12.
003D 858E8E     598            mov     _CKCON0,_CKCON0
0040            599   ;        MPU.c:76: TH1 = 0x100-((SYSCLK/BAUDRATE)/(2L*12L));
0040 758DE6     600            mov     _TH1,#0xE6
0043            601   ;        MPU.c:77: TL1 = TH1;      // Init Timer1
0043 858D8B     602            mov     _TL1,_TH1
0046            603   ;        MPU.c:78: TMOD &= ~0xf0;  // TMOD: timer 1 in 8-bit auto-reload
0046 53890F     604            anl     _TMOD,#0x0F
0049            605   ;        MPU.c:79: TMOD |=  0x20;
0049 438920     606            orl     _TMOD,#0x20
004C            607   ;        MPU.c:80: TR1 = 1; // START Timer1
004C D28E       608            setb    _TR1
004E            609   ;        MPU.c:81: TI = 1;  // Indicate TX0 ready
004E D299       610            setb    _TI
0050            611   ;        MPU.c:83: return 0;
0050 758200     612            mov     dpl,#0x00
0053 22         613            ret
0054            614   ;------------------------------------------------------------
0054            615   ;Allocation info for local variables in function 'Timer3us'
0054            616   ;------------------------------------------------------------
0054            617   ;us                        Allocated to registers r2 
0054            618   ;i                         Allocated to registers r3 
0054            619   ;------------------------------------------------------------
0054            620   ;        MPU.c:87: void Timer3us(unsigned char us)
0054            621   ;        -----------------------------------------
0054            622   ;         function Timer3us
0054            623   ;        -----------------------------------------
0054            624   _Timer3us:
0054 AA82       625            mov     r2,dpl
0056            626   ;        MPU.c:92: CKCON0|=0b_0100_0000;
0056 438E40     627            orl     _CKCON0,#0x40
0059            628   ;        MPU.c:94: TMR3RL = (-(SYSCLK)/1000000L); // Set Timer3 to overflow in 1us.
0059 7592B8     629            mov     _TMR3RL,#0xB8
005C 7593FF     630            mov     (_TMR3RL >> 8),#0xFF
005F            631   ;        MPU.c:95: TMR3 = TMR3RL;                 // Initialize Timer3 for first overflow
005F 859294     632            mov     _TMR3,_TMR3RL
0062 859395     633            mov     (_TMR3 >> 8),(_TMR3RL >> 8)
0065            634   ;        MPU.c:97: TMR3CN0 = 0x04;                 // Sart Timer3 and clear overflow flag
0065 759104     635            mov     _TMR3CN0,#0x04
0068            636   ;        MPU.c:98: for (i = 0; i < us; i++)       // Count <us> overflows
0068 7B00       637            mov     r3,#0x00
006A            638   L003004?:
006A C3         639            clr     c
006B EB         640            mov     a,r3
006C 9A         641            subb    a,r2
006D 5000       642            jnc     L003007?
006F            643   ;        MPU.c:100: while (!(TMR3CN0 & 0x80));  // Wait for overflow
006F            644   L003001?:
006F E591       645            mov     a,_TMR3CN0
0071 30E7C8     646            jnb     acc.7,L003001?
0074            647   ;        MPU.c:101: TMR3CN0 &= ~(0x80);         // Clear overflow indicator
0074 53917F     648            anl     _TMR3CN0,#0x7F
0077            649   ;        MPU.c:98: for (i = 0; i < us; i++)       // Count <us> overflows
0077 0B         650            inc     r3
0078 8000       651            sjmp    L003004?
007A            652   L003007?:
007A            653   ;        MPU.c:103: TMR3CN0 = 0 ;                   // Stop Timer3 and clear overflow flag
007A 759100     654            mov     _TMR3CN0,#0x00
007D 22         655            ret
007E            656   ;------------------------------------------------------------
007E            657   ;Allocation info for local variables in function 'waitms'
007E            658   ;------------------------------------------------------------
007E            659   ;ms                        Allocated to registers r2 r3 
007E            660   ;j                         Allocated to registers r2 r3 
007E            661   ;------------------------------------------------------------
007E            662   ;        MPU.c:106: void waitms (unsigned int ms)
007E            663   ;        -----------------------------------------
007E            664   ;         function waitms
007E            665   ;        -----------------------------------------
007E            666   _waitms:
007E AA82       667            mov     r2,dpl
0080 AB83       668            mov     r3,dph
0082            669   ;        MPU.c:109: for(j=ms; j!=0; j--)
0082            670   L004001?:
0082 BA0088     671            cjne    r2,#0x00,L004010?
0085 BB0088     672            cjne    r3,#0x00,L004010?
0088 22         673            ret
0089            674   L004010?:
0089            675   ;        MPU.c:111: Timer3us(249);
0089 7582F9     676            mov     dpl,#0xF9
008C C002       677            push    ar2
008E C003       678            push    ar3
0090 120000     679            lcall   _Timer3us
0093            680   ;        MPU.c:112: Timer3us(249);
0093 7582F9     681            mov     dpl,#0xF9
0096 120000     682            lcall   _Timer3us
0099            683   ;        MPU.c:113: Timer3us(249);
0099 7582F9     684            mov     dpl,#0xF9
009C 120000     685            lcall   _Timer3us
009F            686   ;        MPU.c:114: Timer3us(250);
009F 7582FA     687            mov     dpl,#0xFA
00A2 120000     688            lcall   _Timer3us
00A5 D003       689            pop     ar3
00A7 D002       690            pop     ar2
00A9            691   ;        MPU.c:109: for(j=ms; j!=0; j--)
00A9 1A         692            dec     r2
00AA BAFFC8     693            cjne    r2,#0xff,L004011?
00AD 1B         694            dec     r3
00AE            695   L004011?:
00AE 8000       696            sjmp    L004001?
00B0            697   ;------------------------------------------------------------
00B0            698   ;Allocation info for local variables in function 'TIMER0_Init'
00B0            699   ;------------------------------------------------------------
00B0            700   ;------------------------------------------------------------
00B0            701   ;        MPU.c:118: void TIMER0_Init(void)
00B0            702   ;        -----------------------------------------
00B0            703   ;         function TIMER0_Init
00B0            704   ;        -----------------------------------------
00B0            705   _TIMER0_Init:
00B0            706   ;        MPU.c:120: TMOD&=0b_1111_0000; // Set the bits of Timer/Counter 0 to zero
00B0 5389F0     707            anl     _TMOD,#0xF0
00B3            708   ;        MPU.c:121: TMOD|=0b_0000_0001; // Timer/Counter 0 used as a 16-bit timer
00B3 438901     709            orl     _TMOD,#0x01
00B6            710   ;        MPU.c:122: TR0=0; // Stop Timer/Counter 0
00B6 C28C       711            clr     _TR0
00B8 22         712            ret
00B9            713   ;------------------------------------------------------------
00B9            714   ;Allocation info for local variables in function 'I2C_Init'
00B9            715   ;------------------------------------------------------------
00B9            716   ;------------------------------------------------------------
00B9            717   ;        MPU.c:125: void I2C_Init()
00B9            718   ;        -----------------------------------------
00B9            719   ;         function I2C_Init
00B9            720   ;        -----------------------------------------
00B9            721   _I2C_Init:
00B9            722   ;        MPU.c:128: P2MDOUT |= 0x03; //Set P2.0 (SDA) and P2.1(SCL) as Push pull mode
00B9 43A603     723            orl     _P2MDOUT,#0x03
00BC            724   ;        MPU.c:129: P2SKIP |= 0x03; // Skip Crossbar decoding for P2.0 and P2.1
00BC 43CC03     725            orl     _P2SKIP,#0x03
00BF            726   ;        MPU.c:131: I2C0CN0 |= 0x40; // Sets it as 01000000 
00BF 43BA40     727            orl     _I2C0CN0,#0x40
00C2            728   ;        MPU.c:137: SMB0CF = 0x59;
00C2 75C159     729            mov     _SMB0CF,#0x59
00C5 22         730            ret
00C6            731   ;------------------------------------------------------------
00C6            732   ;Allocation info for local variables in function 'I2C_Write'
00C6            733   ;------------------------------------------------------------
00C6            734   ;data_input                Allocated with name '_I2C_Write_PARM_2'
00C6            735   ;addr                      Allocated to registers r2 
00C6            736   ;------------------------------------------------------------
00C6            737   ;        MPU.c:140: void I2C_Write(uint8_t addr, uint8_t data_input)
00C6            738   ;        -----------------------------------------
00C6            739   ;         function I2C_Write
00C6            740   ;        -----------------------------------------
00C6            741   _I2C_Write:
00C6 AA82       742            mov     r2,dpl
00C8            743   ;        MPU.c:155: SMB0CN0 |= 0x20; //Sets SMB0CN0.5 (STA) to start an I2C transfer
00C8 43C020     744            orl     _SMB0CN0,#0x20
00CB            745   ;        MPU.c:158: while (!(SMB0CN0 & 0x01)); //Waiting for SMB0CN0.0 (SI) to indicate transfer complete
00CB            746   L007001?:
00CB E5C0       747            mov     a,_SMB0CN0
00CD 30E008     748            jnb     acc.0,L007001?
00D0            749   ;        MPU.c:161: SMB0DAT = addr;
00D0 8AC2       750            mov     _SMB0DAT,r2
00D2            751   ;        MPU.c:164: while (!(SMB0CN0 & 0x01)); //Waiting for SMB0CN0.0 (SI) to indicate transfer complete
00D2            752   L007004?:
00D2 E5C0       753            mov     a,_SMB0CN0
00D4 30E048     754            jnb     acc.0,L007004?
00D7            755   ;        MPU.c:167: SMB0DAT = data_input;
00D7 85E0C2     756            mov     _SMB0DAT,_I2C_Write_PARM_2
00DA            757   ;        MPU.c:170: while (!(SMB0CN0 & 0x01)); //Waiting for SMB0CN0.0 (SI) to indicate transfer complete
00DA            758   L007007?:
00DA E5C0       759            mov     a,_SMB0CN0
00DC 30E088     760            jnb     acc.0,L007007?
00DF            761   ;        MPU.c:173: SMB0CN0 |= 0x10;  //Sets SMB0CN0.4 (STO) to stop an I2C transfer
00DF 43C010     762            orl     _SMB0CN0,#0x10
00E2 22         763            ret
00E3            764   ;------------------------------------------------------------
00E3            765   ;Allocation info for local variables in function 'I2C_Read'
00E3            766   ;------------------------------------------------------------
00E3            767   ;addr                      Allocated to registers r2 
00E3            768   ;data_output               Allocated to registers 
00E3            769   ;------------------------------------------------------------
00E3            770   ;        MPU.c:176: uint8_t I2C_Read(uint8_t addr)
00E3            771   ;        -----------------------------------------
00E3            772   ;         function I2C_Read
00E3            773   ;        -----------------------------------------
00E3            774   _I2C_Read:
00E3 AA82       775            mov     r2,dpl
00E5            776   ;        MPU.c:181: SMB0CN0 |= 0x20; //Sets SMB0CN0.5 (STA) to start an I2C transfer
00E5 43C020     777            orl     _SMB0CN0,#0x20
00E8            778   ;        MPU.c:184: while (!(SMB0CN0 & 0x01)); //Waiting for SMB0CN0.0 (SI) to indicate transfer complete
00E8            779   L008001?:
00E8 E5C0       780            mov     a,_SMB0CN0
00EA 30E0C8     781            jnb     acc.0,L008001?
00ED            782   ;        MPU.c:187: SMB0DAT = (addr << 1) | 1;
00ED EA         783            mov     a,r2
00EE 2A         784            add     a,r2
00EF FA         785            mov     r2,a
00F0 7401       786            mov     a,#0x01
00F2 4A         787            orl     a,r2
00F3 F5C2       788            mov     _SMB0DAT,a
00F5            789   ;        MPU.c:190: while (!(SMB0CN0 & 0x01)); //Waiting for SMB0CN0.0 (SI) to indicate transfer complete
00F5            790   L008004?:
00F5 E5C0       791            mov     a,_SMB0CN0
00F7 30E008     792            jnb     acc.0,L008004?
00FA            793   ;        MPU.c:193: data_output = SMB0DAT;
00FA 85C282     794            mov     dpl,_SMB0DAT
00FD            795   ;        MPU.c:196: SMB0CN0 |= 0x10;  //Sets SMB0CN0.4 (STO) to stop an I2C transfer
00FD 43C010     796            orl     _SMB0CN0,#0x10
0100            797   ;        MPU.c:198: return data_output;
0100 22         798            ret
0101            799   ;------------------------------------------------------------
0101            800   ;Allocation info for local variables in function 'main'
0101            801   ;------------------------------------------------------------
0101            802   ;data_storage              Allocated to registers r2 
0101            803   ;------------------------------------------------------------
0101            804   ;        MPU.c:201: void main (void) 
0101            805   ;        -----------------------------------------
0101            806   ;         function main
0101            807   ;        -----------------------------------------
0101            808   _main:
0101            809   ;        MPU.c:205: waitms(500); // Give PuTTY a chance to start.
0101 9001F4     810            mov     dptr,#0x01F4
0104 120000     811            lcall   _waitms
0107            812   ;        MPU.c:206: printf("\x1b[2J"); // Clear screen using ANSI escape sequence.
0107 7448       813            mov     a,#__str_0
0109 C0E0       814            push    acc
010B 74C2       815            mov     a,#(__str_0 >> 8)
010D C0E0       816            push    acc
010F 7480       817            mov     a,#0x80
0111 C0E0       818            push    acc
0113 120000     819            lcall   _printf
0116 1581       820            dec     sp
0118 1581       821            dec     sp
011A 1581       822            dec     sp
011C            823   ;        MPU.c:211: __FILE__, __DATE__, __TIME__);
011C            824   ;        MPU.c:210: "Compiled: %s, %s\n\n",
011C 7408       825            mov     a,#__str_4
011E C0E0       826            push    acc
0120 74C3       827            mov     a,#(__str_4 >> 8)
0122 C0E0       828            push    acc
0124 7480       829            mov     a,#0x80
0126 C0E0       830            push    acc
0128 7448       831            mov     a,#__str_3
012A C0E0       832            push    acc
012C 74C3       833            mov     a,#(__str_3 >> 8)
012E C0E0       834            push    acc
0130 7480       835            mov     a,#0x80
0132 C0E0       836            push    acc
0134 7488       837            mov     a,#__str_2
0136 C0E0       838            push    acc
0138 74C3       839            mov     a,#(__str_2 >> 8)
013A C0E0       840            push    acc
013C 7480       841            mov     a,#0x80
013E C0E0       842            push    acc
0140 74C8       843            mov     a,#__str_1
0142 C0E0       844            push    acc
0144 74C3       845            mov     a,#(__str_1 >> 8)
0146 C0E0       846            push    acc
0148 7480       847            mov     a,#0x80
014A C0E0       848            push    acc
014C 120000     849            lcall   _printf
014F E581       850            mov     a,sp
0151 24F4       851            add     a,#0xf4
0153 F581       852            mov     sp,a
0155            853   ;        MPU.c:213: I2C_Init();
0155 120000     854            lcall   _I2C_Init
0158            855   ;        MPU.c:214: data_storage = I2C_Read(0x68);
0158 758268     856            mov     dpl,#0x68
015B 120000     857            lcall   _I2C_Read
015E AA82       858            mov     r2,dpl
0160            859   ;        MPU.c:215: printf("Data: %u\n", data_storage);
0160 7B00       860            mov     r3,#0x00
0162 C002       861            push    ar2
0164 C003       862            push    ar3
0166 7408       863            mov     a,#__str_5
0168 C0E0       864            push    acc
016A 74C4       865            mov     a,#(__str_5 >> 8)
016C C0E0       866            push    acc
016E 7480       867            mov     a,#0x80
0170 C0E0       868            push    acc
0172 120000     869            lcall   _printf
0175 E581       870            mov     a,sp
0177 24FB       871            add     a,#0xfb
0179 F581       872            mov     sp,a
017B 22         873            ret
017C            874            rseg R_CSEG
017C            875   
0000            876            rseg R_XINIT
0000            877   
0000            878            rseg R_CONST
0000            879   __str_0:
0000 1B         880            db 0x1B
0001 5B324A     881            db '[2J'
0004 00         882            db 0x00
0005            883   __str_1:
0005 45464D38   884            db 'EFM8 Period measurement at pin P0.1 using Timer 0.'
     20506572
     696F6420
     6D656173
     7572656D
     656E7420
     61742070
     696E2050
     302E3120
     7573696E
     67205469
     6D657220
     302E
0037 0A         885            db 0x0A
0038 46696C65   886            db 'File: %s'
     3A202573
0040 0A         887            db 0x0A
0041 436F6D70   888            db 'Compiled: %s, %s'
     696C6564
     3A202573
     2C202573
0051 0A         889            db 0x0A
0052 0A         890            db 0x0A
0053 00         891            db 0x00
0054            892   __str_2:
0054 4D50552E   893            db 'MPU.c'
     63
0059 00         894            db 0x00
005A            895   __str_3:
005A 41707220   896            db 'Apr  1 2024'
     20312032
     303234
0065 00         897            db 0x00
0066            898   __str_4:
0066 30303A30   899            db '00:00:17'
     303A3137
006E 00         900            db 0x00
006F            901   __str_5:
006F 44617461   902            db 'Data: %u'
     3A202575
0077 0A         903            db 0x0A
0078 00         904            db 0x00
0079            905   
0003            906            CSEG
0003            907   
0003            908   end
